<?xml version="1.0" encoding="UTF-8"?>
<!-- Generated by org.testng.reporters.JUnitReportReporter -->
<testsuite hostname="DESKTOP-GAF2LEG" failures="0" tests="3" name="TestCases.TestCases" time="89.421" errors="0" timestamp="2023-01-07T16:31:56 IST" skipped="0">
  <testcase classname="TestCases.TestCases" name="Test1" time="14.017"/>
  <system-out/>
  <testcase classname="TestCases.TestCases" name="Test3" time="8.614"/>
  <system-out/>
  <testcase classname="TestCases.TestCases" name="Test2" time="66.790"/>
  <system-out/>
</testsuite> <!-- TestCases.TestCases -->
