<?xml version="1.0" encoding="UTF-8"?>
<!-- Generated by org.testng.reporters.JUnitReportReporter -->
<testsuite hostname="DESKTOP-GAF2LEG" failures="0" tests="3" name="TestCases.TestCases" time="35.628" errors="0" timestamp="2023-01-07T16:38:58 IST" skipped="0">
  <testcase classname="TestCases.TestCases" name="Test1" time="13.449"/>
  <system-out/>
  <testcase classname="TestCases.TestCases" name="Test3" time="9.727"/>
  <system-out/>
  <testcase classname="TestCases.TestCases" name="Test2" time="12.452"/>
  <system-out/>
</testsuite> <!-- TestCases.TestCases -->
